# JRE version: OpenJDK Runtime Environment (11.0.10) (build 11.0.10+0-b96-7249189)
# Java VM: OpenJDK 64-Bit Server VM (11.0.10+0-b96-7249189, mixed mode, tiered, compressed oops, g1 gc, windows-amd64)
Heap:
 garbage-first heap   total 425984K, used 152836K [0x0000000080000000, 0x0000000100000000)
  region size 1024K, 10 young (10240K), 10 survivors (10240K)
 Metaspace       used 103184K, capacity 105682K, committed 107136K, reserved 1142784K
  class space    used 13235K, capacity 14161K, committed 14720K, reserved 1048576K
GC Heap History (20 events):
Event: 9.237 GC heap after
{Heap after GC invocations=20 (full 0):
 garbage-first heap   total 280576K, used 132662K [0x0000000080000000, 0x0000000100000000)
  region size 1024K, 8 young (8192K), 8 survivors (8192K)
 Metaspace       used 102132K, capacity 105045K, committed 105344K, reserved 1140736K
  class space    used 13466K, capacity 14614K, committed 14720K, reserved 1048576K
}
Event: 9.450 GC heap before
{Heap before GC invocations=20 (full 0):
 garbage-first heap   total 280576K, used 212534K [0x0000000080000000, 0x0000000100000000)
  region size 1024K, 86 young (88064K), 8 survivors (8192K)
 Metaspace       used 102849K, capacity 105830K, committed 106112K, reserved 1140736K
  class space    used 13503K, capacity 14657K, committed 14720K, reserved 1048576K
}
Event: 9.458 GC heap after
{Heap after GC invocations=21 (full 0):
 garbage-first heap   total 280576K, used 135057K [0x0000000080000000, 0x0000000100000000)
  region size 1024K, 3 young (3072K), 3 survivors (3072K)
 Metaspace       used 102849K, capacity 105830K, committed 106112K, reserved 1140736K
  class space    used 13503K, capacity 14657K, committed 14720K, reserved 1048576K
}
Event: 9.612 GC heap before
{Heap before GC invocations=21 (full 0):
 garbage-first heap   total 280576K, used 215953K [0x0000000080000000, 0x0000000100000000)
  region size 1024K, 83 young (84992K), 3 survivors (3072K)
 Metaspace       used 102958K, capacity 105908K, committed 106112K, reserved 1140736K
  class space    used 13509K, capacity 14661K, committed 14720K, reserved 1048576K
}
Event: 9.618 GC heap after
{Heap after GC invocations=22 (full 0):
 garbage-first heap   total 280576K, used 137468K [0x0000000080000000, 0x0000000100000000)
  region size 1024K, 5 young (5120K), 5 survivors (5120K)
 Metaspace       used 102958K, capacity 105908K, committed 106112K, reserved 1140736K
  class space    used 13509K, capacity 14661K, committed 14720K, reserved 1048576K
}
Event: 9.899 GC heap before
{Heap before GC invocations=23 (full 0):
 garbage-first heap   total 280576K, used 221436K [0x0000000080000000, 0x0000000100000000)
  region size 1024K, 87 young (89088K), 5 survivors (5120K)
 Metaspace       used 102214K, capacity 104673K, committed 106112K, reserved 1140736K
  class space    used 13224K, capacity 14146K, committed 14720K, reserved 1048576K
}
Event: 9.906 GC heap after
{Heap after GC invocations=24 (full 0):
 garbage-first heap   total 280576K, used 139170K [0x0000000080000000, 0x0000000100000000)
  region size 1024K, 7 young (7168K), 7 survivors (7168K)
 Metaspace       used 102214K, capacity 104673K, committed 106112K, reserved 1140736K
  class space    used 13224K, capacity 14146K, committed 14720K, reserved 1048576K
}
Event: 10.034 GC heap before
{Heap before GC invocations=24 (full 0):
 garbage-first heap   total 280576K, used 224162K [0x0000000080000000, 0x0000000100000000)
  region size 1024K, 90 young (92160K), 7 survivors (7168K)
 Metaspace       used 102278K, capacity 104760K, committed 106368K, reserved 1140736K
  class space    used 13228K, capacity 14153K, committed 14720K, reserved 1048576K
}
Event: 10.043 GC heap after
{Heap after GC invocations=25 (full 0):
 garbage-first heap   total 280576K, used 140886K [0x0000000080000000, 0x0000000100000000)
  region size 1024K, 7 young (7168K), 7 survivors (7168K)
 Metaspace       used 102278K, capacity 104760K, committed 106368K, reserved 1140736K
  class space    used 13228K, capacity 14153K, committed 14720K, reserved 1048576K
}
Event: 10.271 GC heap before
{Heap before GC invocations=25 (full 0):
 garbage-first heap   total 280576K, used 227926K [0x0000000080000000, 0x0000000100000000)
  region size 1024K, 92 young (94208K), 7 survivors (7168K)
 Metaspace       used 102550K, capacity 105030K, committed 106624K, reserved 1140736K
  class space    used 13228K, capacity 14153K, committed 14720K, reserved 1048576K
}
Event: 10.279 GC heap after
{Heap after GC invocations=26 (full 0):
 garbage-first heap   total 280576K, used 141163K [0x0000000080000000, 0x0000000100000000)
  region size 1024K, 7 young (7168K), 7 survivors (7168K)
 Metaspace       used 102550K, capacity 105030K, committed 106624K, reserved 1140736K
  class space    used 13228K, capacity 14153K, committed 14720K, reserved 1048576K
}
Event: 10.405 GC heap before
{Heap before GC invocations=27 (full 0):
 garbage-first heap   total 280576K, used 230251K [0x0000000080000000, 0x0000000100000000)
  region size 1024K, 94 young (96256K), 7 survivors (7168K)
 Metaspace       used 102623K, capacity 105047K, committed 106624K, reserved 1140736K
  class space    used 13229K, capacity 14156K, committed 14720K, reserved 1048576K
}
Event: 10.415 GC heap after
{Heap after GC invocations=28 (full 0):
 garbage-first heap   total 336896K, used 143826K [0x0000000080000000, 0x0000000100000000)
  region size 1024K, 7 young (7168K), 7 survivors (7168K)
 Metaspace       used 102623K, capacity 105047K, committed 106624K, reserved 1140736K
  class space    used 13229K, capacity 14156K, committed 14720K, reserved 1048576K
}
Event: 10.554 GC heap before
{Heap before GC invocations=28 (full 0):
 garbage-first heap   total 336896K, used 259538K [0x0000000080000000, 0x0000000100000000)
  region size 1024K, 120 young (122880K), 7 survivors (7168K)
 Metaspace       used 102912K, capacity 105322K, committed 106880K, reserved 1140736K
  class space    used 13232K, capacity 14156K, committed 14720K, reserved 1048576K
}
Event: 10.561 GC heap after
{Heap after GC invocations=29 (full 0):
 garbage-first heap   total 336896K, used 144946K [0x0000000080000000, 0x0000000100000000)
  region size 1024K, 8 young (8192K), 8 survivors (8192K)
 Metaspace       used 102912K, capacity 105322K, committed 106880K, reserved 1140736K
  class space    used 13232K, capacity 14156K, committed 14720K, reserved 1048576K
}
Event: 10.696 GC heap before
{Heap before GC invocations=29 (full 0):
 garbage-first heap   total 336896K, used 271922K [0x0000000080000000, 0x0000000100000000)
  region size 1024K, 132 young (135168K), 8 survivors (8192K)
 Metaspace       used 103052K, capacity 105478K, committed 106880K, reserved 1140736K
  class space    used 13234K, capacity 14160K, committed 14720K, reserved 1048576K
}
Event: 10.705 GC heap after
{Heap after GC invocations=30 (full 0):
 garbage-first heap   total 336896K, used 147885K [0x0000000080000000, 0x0000000100000000)
  region size 1024K, 11 young (11264K), 11 survivors (11264K)
 Metaspace       used 103052K, capacity 105478K, committed 106880K, reserved 1140736K
  class space    used 13234K, capacity 14160K, committed 14720K, reserved 1048576K
}
Event: 10.833 GC heap before
{Heap before GC invocations=30 (full 0):
 garbage-first heap   total 336896K, used 274861K [0x0000000080000000, 0x0000000100000000)
  region size 1024K, 135 young (138240K), 11 survivors (11264K)
 Metaspace       used 103147K, capacity 105618K, committed 107136K, reserved 1142784K
  class space    used 13235K, capacity 14161K, committed 14720K, reserved 1048576K
}
Event: 10.844 GC heap after
{Heap after GC invocations=31 (full 0):
 garbage-first heap   total 336896K, used 150524K [0x0000000080000000, 0x0000000100000000)
  region size 1024K, 11 young (11264K), 11 survivors (11264K)
 Metaspace       used 103147K, capacity 105618K, committed 107136K, reserved 1142784K
  class space    used 13235K, capacity 14161K, committed 14720K, reserved 1048576K
}
Event: 10.988 GC heap before
{Heap before GC invocations=31 (full 0):
 garbage-first heap   total 336896K, used 278524K [0x0000000080000000, 0x0000000100000000)
  region size 1024K, 136 young (139264K), 11 survivors (11264K)
 Metaspace       used 103184K, capacity 105682K, committed 107136K, reserved 1142784K
  class space    used 13235K, capacity 14161K, committed 14720K, reserved 1048576K
}

