# JRE version: OpenJDK Runtime Environment (11.0.10) (build 11.0.10+0-b96-7249189)
# Java VM: OpenJDK 64-Bit Server VM (11.0.10+0-b96-7249189, mixed mode, tiered, compressed oops, g1 gc, windows-amd64)
Heap:
 garbage-first heap   total 413696K, used 154838K [0x0000000080000000, 0x0000000100000000)
  region size 1024K, 3 young (3072K), 3 survivors (3072K)
 Metaspace       used 111878K, capacity 114710K, committed 115584K, reserved 1148928K
  class space    used 14024K, capacity 15095K, committed 15488K, reserved 1048576K
GC Heap History (20 events):
Event: 13.774 GC heap after
{Heap after GC invocations=29 (full 0):
 garbage-first heap   total 280576K, used 141977K [0x0000000080000000, 0x0000000100000000)
  region size 1024K, 7 young (7168K), 7 survivors (7168K)
 Metaspace       used 109162K, capacity 112128K, committed 112384K, reserved 1146880K
  class space    used 13959K, capacity 15065K, committed 15104K, reserved 1048576K
}
Event: 13.993 GC heap before
{Heap before GC invocations=29 (full 0):
 garbage-first heap   total 280576K, used 215705K [0x0000000080000000, 0x0000000100000000)
  region size 1024K, 79 young (80896K), 7 survivors (7168K)
 Metaspace       used 111068K, capacity 114169K, committed 114432K, reserved 1148928K
  class space    used 14146K, capacity 15314K, committed 15360K, reserved 1048576K
}
Event: 14.003 GC heap after
{Heap after GC invocations=30 (full 0):
 garbage-first heap   total 280576K, used 146956K [0x0000000080000000, 0x0000000100000000)
  region size 1024K, 5 young (5120K), 5 survivors (5120K)
 Metaspace       used 111068K, capacity 114169K, committed 114432K, reserved 1148928K
  class space    used 14146K, capacity 15314K, committed 15360K, reserved 1048576K
}
Event: 14.306 GC heap before
{Heap before GC invocations=31 (full 0):
 garbage-first heap   total 280576K, used 220684K [0x0000000080000000, 0x0000000100000000)
  region size 1024K, 77 young (78848K), 5 survivors (5120K)
 Metaspace       used 111308K, capacity 114204K, committed 114816K, reserved 1148928K
  class space    used 14078K, capacity 15191K, committed 15488K, reserved 1048576K
}
Event: 14.314 GC heap after
{Heap after GC invocations=32 (full 0):
 garbage-first heap   total 280576K, used 149347K [0x0000000080000000, 0x0000000100000000)
  region size 1024K, 7 young (7168K), 7 survivors (7168K)
 Metaspace       used 111308K, capacity 114204K, committed 114816K, reserved 1148928K
  class space    used 14078K, capacity 15191K, committed 15488K, reserved 1048576K
}
Event: 14.322 GC heap before
{Heap before GC invocations=32 (full 0):
 garbage-first heap   total 280576K, used 154467K [0x0000000080000000, 0x0000000100000000)
  region size 1024K, 13 young (13312K), 7 survivors (7168K)
 Metaspace       used 111319K, capacity 114268K, committed 115072K, reserved 1148928K
  class space    used 14078K, capacity 15191K, committed 15488K, reserved 1048576K
}
Event: 14.328 GC heap after
{Heap after GC invocations=33 (full 0):
 garbage-first heap   total 336896K, used 146265K [0x0000000080000000, 0x0000000100000000)
  region size 1024K, 2 young (2048K), 2 survivors (2048K)
 Metaspace       used 111319K, capacity 114268K, committed 115072K, reserved 1148928K
  class space    used 14078K, capacity 15191K, committed 15488K, reserved 1048576K
}
Event: 14.582 GC heap before
{Heap before GC invocations=33 (full 0):
 garbage-first heap   total 336896K, used 245593K [0x0000000080000000, 0x0000000100000000)
  region size 1024K, 100 young (102400K), 2 survivors (2048K)
 Metaspace       used 111477K, capacity 114451K, committed 115072K, reserved 1148928K
  class space    used 14085K, capacity 15203K, committed 15488K, reserved 1048576K
}
Event: 14.589 GC heap after
{Heap after GC invocations=34 (full 0):
 garbage-first heap   total 336896K, used 152773K [0x0000000080000000, 0x0000000100000000)
  region size 1024K, 8 young (8192K), 8 survivors (8192K)
 Metaspace       used 111477K, capacity 114451K, committed 115072K, reserved 1148928K
  class space    used 14085K, capacity 15203K, committed 15488K, reserved 1048576K
}
Event: 14.760 GC heap before
{Heap before GC invocations=34 (full 0):
 garbage-first heap   total 336896K, used 254149K [0x0000000080000000, 0x0000000100000000)
  region size 1024K, 107 young (109568K), 8 survivors (8192K)
 Metaspace       used 111520K, capacity 114538K, committed 115072K, reserved 1148928K
  class space    used 14090K, capacity 15211K, committed 15488K, reserved 1048576K
}
Event: 14.769 GC heap after
{Heap after GC invocations=35 (full 0):
 garbage-first heap   total 336896K, used 158759K [0x0000000080000000, 0x0000000100000000)
  region size 1024K, 8 young (8192K), 8 survivors (8192K)
 Metaspace       used 111520K, capacity 114538K, committed 115072K, reserved 1148928K
  class space    used 14090K, capacity 15211K, committed 15488K, reserved 1048576K
}
Event: 14.941 GC heap before
{Heap before GC invocations=35 (full 0):
 garbage-first heap   total 336896K, used 260135K [0x0000000080000000, 0x0000000100000000)
  region size 1024K, 107 young (109568K), 8 survivors (8192K)
 Metaspace       used 111563K, capacity 114543K, committed 115072K, reserved 1148928K
  class space    used 14091K, capacity 15213K, committed 15488K, reserved 1048576K
}
Event: 14.949 GC heap after
{Heap after GC invocations=36 (full 0):
 garbage-first heap   total 336896K, used 162059K [0x0000000080000000, 0x0000000100000000)
  region size 1024K, 4 young (4096K), 4 survivors (4096K)
 Metaspace       used 111563K, capacity 114543K, committed 115072K, reserved 1148928K
  class space    used 14091K, capacity 15213K, committed 15488K, reserved 1048576K
}
Event: 15.121 GC heap before
{Heap before GC invocations=36 (full 0):
 garbage-first heap   total 336896K, used 265483K [0x0000000080000000, 0x0000000100000000)
  region size 1024K, 105 young (107520K), 4 survivors (4096K)
 Metaspace       used 111732K, capacity 114742K, committed 115328K, reserved 1148928K
  class space    used 14091K, capacity 15213K, committed 15488K, reserved 1048576K
}
Event: 15.125 GC heap after
{Heap after GC invocations=37 (full 0):
 garbage-first heap   total 336896K, used 162549K [0x0000000080000000, 0x0000000100000000)
  region size 1024K, 4 young (4096K), 4 survivors (4096K)
 Metaspace       used 111732K, capacity 114742K, committed 115328K, reserved 1148928K
  class space    used 14091K, capacity 15213K, committed 15488K, reserved 1048576K
}
Event: 15.423 GC heap before
{Heap before GC invocations=38 (full 0):
 garbage-first heap   total 336896K, used 270069K [0x0000000080000000, 0x0000000100000000)
  region size 1024K, 110 young (112640K), 4 survivors (4096K)
 Metaspace       used 111748K, capacity 114617K, committed 115584K, reserved 1148928K
  class space    used 14020K, capacity 15090K, committed 15488K, reserved 1048576K
}
Event: 15.432 GC heap after
{Heap after GC invocations=39 (full 0):
 garbage-first heap   total 336896K, used 164869K [0x0000000080000000, 0x0000000100000000)
  region size 1024K, 7 young (7168K), 7 survivors (7168K)
 Metaspace       used 111748K, capacity 114617K, committed 115584K, reserved 1148928K
  class space    used 14020K, capacity 15090K, committed 15488K, reserved 1048576K
}
Event: 15.443 GC heap before
{Heap before GC invocations=39 (full 0):
 garbage-first heap   total 336896K, used 174085K [0x0000000080000000, 0x0000000100000000)
  region size 1024K, 16 young (16384K), 7 survivors (7168K)
 Metaspace       used 111759K, capacity 114617K, committed 115584K, reserved 1148928K
  class space    used 14020K, capacity 15090K, committed 15488K, reserved 1048576K
}
Event: 15.455 GC heap after
{Heap after GC invocations=40 (full 0):
 garbage-first heap   total 336896K, used 152806K [0x0000000080000000, 0x0000000100000000)
  region size 1024K, 1 young (1024K), 1 survivors (1024K)
 Metaspace       used 111759K, capacity 114617K, committed 115584K, reserved 1148928K
  class space    used 14020K, capacity 15090K, committed 15488K, reserved 1048576K
}
Event: 15.597 GC heap before
{Heap before GC invocations=40 (full 0):
 garbage-first heap   total 336896K, used 268518K [0x0000000080000000, 0x0000000100000000)
  region size 1024K, 114 young (116736K), 1 survivors (1024K)
 Metaspace       used 111878K, capacity 114710K, committed 115584K, reserved 1148928K
  class space    used 14024K, capacity 15095K, committed 15488K, reserved 1048576K
}

