# JRE version: OpenJDK Runtime Environment (11.0.10) (build 11.0.10+0-b96-7249189)
# Java VM: OpenJDK 64-Bit Server VM (11.0.10+0-b96-7249189, mixed mode, tiered, compressed oops, g1 gc, windows-amd64)
Heap:
 garbage-first heap   total 381952K, used 243241K [0x0000000080000000, 0x0000000100000000)
  region size 1024K, 39 young (39936K), 10 survivors (10240K)
 Metaspace       used 124951K, capacity 128505K, committed 128640K, reserved 1161216K
  class space    used 15867K, capacity 17160K, committed 17280K, reserved 1048576K
GC Heap History (20 events):
Event: 18.296 GC heap before
{Heap before GC invocations=41 (full 0):
 garbage-first heap   total 233472K, used 166007K [0x0000000080000000, 0x0000000100000000)
  region size 1024K, 43 young (44032K), 5 survivors (5120K)
 Metaspace       used 110951K, capacity 114006K, committed 114688K, reserved 1148928K
  class space    used 13960K, capacity 15076K, committed 15360K, reserved 1048576K
}
Event: 18.303 GC heap after
{Heap after GC invocations=42 (full 0):
 garbage-first heap   total 233472K, used 130384K [0x0000000080000000, 0x0000000100000000)
  region size 1024K, 3 young (3072K), 3 survivors (3072K)
 Metaspace       used 110951K, capacity 114006K, committed 114688K, reserved 1148928K
  class space    used 13960K, capacity 15076K, committed 15360K, reserved 1048576K
}
Event: 18.326 GC heap before
{Heap before GC invocations=42 (full 0):
 garbage-first heap   total 233472K, used 138576K [0x0000000080000000, 0x0000000100000000)
  region size 1024K, 11 young (11264K), 3 survivors (3072K)
 Metaspace       used 111274K, capacity 114358K, committed 114944K, reserved 1148928K
  class space    used 13984K, capacity 15108K, committed 15360K, reserved 1048576K
}
Event: 18.331 GC heap after
{Heap after GC invocations=43 (full 0):
 garbage-first heap   total 233472K, used 119640K [0x0000000080000000, 0x0000000100000000)
  region size 1024K, 2 young (2048K), 2 survivors (2048K)
 Metaspace       used 111274K, capacity 114358K, committed 114944K, reserved 1148928K
  class space    used 13984K, capacity 15108K, committed 15360K, reserved 1048576K
}
Event: 18.723 GC heap before
{Heap before GC invocations=43 (full 0):
 garbage-first heap   total 233472K, used 222040K [0x0000000080000000, 0x0000000100000000)
  region size 1024K, 53 young (54272K), 2 survivors (2048K)
 Metaspace       used 112442K, capacity 115556K, committed 116096K, reserved 1150976K
  class space    used 14093K, capacity 15225K, committed 15488K, reserved 1048576K
}
Event: 18.727 GC heap after
{Heap after GC invocations=44 (full 0):
 garbage-first heap   total 233472K, used 122288K [0x0000000080000000, 0x0000000100000000)
  region size 1024K, 5 young (5120K), 5 survivors (5120K)
 Metaspace       used 112442K, capacity 115556K, committed 116096K, reserved 1150976K
  class space    used 14093K, capacity 15225K, committed 15488K, reserved 1048576K
}
Event: 19.162 GC heap before
{Heap before GC invocations=44 (full 0):
 garbage-first heap   total 233472K, used 174512K [0x0000000080000000, 0x0000000100000000)
  region size 1024K, 58 young (59392K), 5 survivors (5120K)
 Metaspace       used 113380K, capacity 116558K, committed 116864K, reserved 1150976K
  class space    used 14192K, capacity 15349K, committed 15488K, reserved 1048576K
}
Event: 19.169 GC heap after
{Heap after GC invocations=45 (full 0):
 garbage-first heap   total 233472K, used 124712K [0x0000000080000000, 0x0000000100000000)
  region size 1024K, 6 young (6144K), 6 survivors (6144K)
 Metaspace       used 113380K, capacity 116558K, committed 116864K, reserved 1150976K
  class space    used 14192K, capacity 15349K, committed 15488K, reserved 1048576K
}
Event: 19.370 GC heap before
{Heap before GC invocations=45 (full 0):
 garbage-first heap   total 233472K, used 177960K [0x0000000080000000, 0x0000000100000000)
  region size 1024K, 59 young (60416K), 6 survivors (6144K)
 Metaspace       used 115353K, capacity 118564K, committed 118912K, reserved 1153024K
  class space    used 14470K, capacity 15630K, committed 15744K, reserved 1048576K
}
Event: 19.376 GC heap after
{Heap after GC invocations=46 (full 0):
 garbage-first heap   total 280576K, used 126818K [0x0000000080000000, 0x0000000100000000)
  region size 1024K, 5 young (5120K), 5 survivors (5120K)
 Metaspace       used 115353K, capacity 118564K, committed 118912K, reserved 1153024K
  class space    used 14470K, capacity 15630K, committed 15744K, reserved 1048576K
}
Event: 19.734 GC heap before
{Heap before GC invocations=46 (full 0):
 garbage-first heap   total 280576K, used 200546K [0x0000000080000000, 0x0000000100000000)
  region size 1024K, 78 young (79872K), 5 survivors (5120K)
 Metaspace       used 117773K, capacity 120951K, committed 121216K, reserved 1155072K
  class space    used 14735K, capacity 15868K, committed 16000K, reserved 1048576K
}
Event: 19.744 GC heap after
{Heap after GC invocations=47 (full 0):
 garbage-first heap   total 280576K, used 133418K [0x0000000080000000, 0x0000000100000000)
  region size 1024K, 10 young (10240K), 10 survivors (10240K)
 Metaspace       used 117773K, capacity 120951K, committed 121216K, reserved 1155072K
  class space    used 14735K, capacity 15868K, committed 16000K, reserved 1048576K
}
Event: 20.151 GC heap before
{Heap before GC invocations=47 (full 0):
 garbage-first heap   total 280576K, used 221482K [0x0000000080000000, 0x0000000100000000)
  region size 1024K, 83 young (84992K), 10 survivors (10240K)
 Metaspace       used 120051K, capacity 123369K, committed 123648K, reserved 1157120K
  class space    used 15062K, capacity 16275K, committed 16384K, reserved 1048576K
}
Event: 20.165 GC heap after
{Heap after GC invocations=48 (full 0):
 garbage-first heap   total 280576K, used 153124K [0x0000000080000000, 0x0000000100000000)
  region size 1024K, 11 young (11264K), 11 survivors (11264K)
 Metaspace       used 120051K, capacity 123369K, committed 123648K, reserved 1157120K
  class space    used 15062K, capacity 16275K, committed 16384K, reserved 1048576K
}
Event: 20.487 GC heap before
{Heap before GC invocations=48 (full 0):
 garbage-first heap   total 280576K, used 216612K [0x0000000080000000, 0x0000000100000000)
  region size 1024K, 74 young (75776K), 11 survivors (11264K)
 Metaspace       used 122257K, capacity 125651K, committed 125952K, reserved 1159168K
  class space    used 15534K, capacity 16783K, committed 16896K, reserved 1048576K
}
Event: 20.515 GC heap after
{Heap after GC invocations=49 (full 0):
 garbage-first heap   total 280576K, used 181628K [0x0000000080000000, 0x0000000100000000)
  region size 1024K, 10 young (10240K), 10 survivors (10240K)
 Metaspace       used 122257K, capacity 125651K, committed 125952K, reserved 1159168K
  class space    used 15534K, capacity 16783K, committed 16896K, reserved 1048576K
}
Event: 20.930 GC heap before
{Heap before GC invocations=49 (full 0):
 garbage-first heap   total 280576K, used 220540K [0x0000000080000000, 0x0000000100000000)
  region size 1024K, 49 young (50176K), 10 survivors (10240K)
 Metaspace       used 124217K, capacity 127721K, committed 128000K, reserved 1161216K
  class space    used 15798K, capacity 17076K, committed 17152K, reserved 1048576K
}
Event: 20.958 GC heap after
{Heap after GC invocations=50 (full 0):
 garbage-first heap   total 381952K, used 190464K [0x0000000080000000, 0x0000000100000000)
  region size 1024K, 7 young (7168K), 7 survivors (7168K)
 Metaspace       used 124217K, capacity 127721K, committed 128000K, reserved 1161216K
  class space    used 15798K, capacity 17076K, committed 17152K, reserved 1048576K
}
Event: 22.448 GC heap before
{Heap before GC invocations=50 (full 0):
 garbage-first heap   total 381952K, used 269312K [0x0000000080000000, 0x0000000100000000)
  region size 1024K, 79 young (80896K), 7 survivors (7168K)
 Metaspace       used 124782K, capacity 128364K, committed 128640K, reserved 1161216K
  class space    used 15863K, capacity 17156K, committed 17280K, reserved 1048576K
}
Event: 22.463 GC heap after
{Heap after GC invocations=51 (full 0):
 garbage-first heap   total 381952K, used 207401K [0x0000000080000000, 0x0000000100000000)
  region size 1024K, 10 young (10240K), 10 survivors (10240K)
 Metaspace       used 124782K, capacity 128364K, committed 128640K, reserved 1161216K
  class space    used 15863K, capacity 17156K, committed 17280K, reserved 1048576K
}

