# JRE version: OpenJDK Runtime Environment (11.0.10) (build 11.0.10+0-b96-7249189)
# Java VM: OpenJDK 64-Bit Server VM (11.0.10+0-b96-7249189, mixed mode, tiered, compressed oops, g1 gc, windows-amd64)
Heap:
 garbage-first heap   total 194560K, used 117897K [0x0000000080000000, 0x0000000100000000)
  region size 1024K, 98 young (100352K), 12 survivors (12288K)
 Metaspace       used 49243K, capacity 50592K, committed 50816K, reserved 1093632K
  class space    used 6302K, capacity 6751K, committed 6784K, reserved 1048576K
GC Heap History (10 events):
Event: 0.471 GC heap before
{Heap before GC invocations=0 (full 0):
 garbage-first heap   total 194560K, used 30720K [0x0000000080000000, 0x0000000100000000)
  region size 1024K, 24 young (24576K), 0 survivors (0K)
 Metaspace       used 9788K, capacity 9986K, committed 10112K, reserved 1058816K
  class space    used 1022K, capacity 1102K, committed 1152K, reserved 1048576K
}
Event: 0.474 GC heap after
{Heap after GC invocations=1 (full 0):
 garbage-first heap   total 194560K, used 9028K [0x0000000080000000, 0x0000000100000000)
  region size 1024K, 3 young (3072K), 3 survivors (3072K)
 Metaspace       used 9788K, capacity 9986K, committed 10112K, reserved 1058816K
  class space    used 1022K, capacity 1102K, committed 1152K, reserved 1048576K
}
Event: 1.588 GC heap before
{Heap before GC invocations=1 (full 0):
 garbage-first heap   total 194560K, used 106308K [0x0000000080000000, 0x0000000100000000)
  region size 1024K, 99 young (101376K), 3 survivors (3072K)
 Metaspace       used 20602K, capacity 21118K, committed 21248K, reserved 1067008K
  class space    used 2518K, capacity 2720K, committed 2816K, reserved 1048576K
}
Event: 1.595 GC heap after
{Heap after GC invocations=2 (full 0):
 garbage-first heap   total 194560K, used 16342K [0x0000000080000000, 0x0000000100000000)
  region size 1024K, 11 young (11264K), 11 survivors (11264K)
 Metaspace       used 20602K, capacity 21118K, committed 21248K, reserved 1067008K
  class space    used 2518K, capacity 2720K, committed 2816K, reserved 1048576K
}
Event: 1.857 GC heap before
{Heap before GC invocations=3 (full 0):
 garbage-first heap   total 194560K, used 53206K [0x0000000080000000, 0x0000000100000000)
  region size 1024K, 47 young (48128K), 11 survivors (11264K)
 Metaspace       used 24178K, capacity 24756K, committed 24832K, reserved 1071104K
  class space    used 3111K, capacity 3319K, committed 3328K, reserved 1048576K
}
Event: 1.862 GC heap after
{Heap after GC invocations=4 (full 0):
 garbage-first heap   total 194560K, used 17774K [0x0000000080000000, 0x0000000100000000)
  region size 1024K, 2 young (2048K), 2 survivors (2048K)
 Metaspace       used 24178K, capacity 24756K, committed 24832K, reserved 1071104K
  class space    used 3111K, capacity 3319K, committed 3328K, reserved 1048576K
}
Event: 2.800 GC heap before
{Heap before GC invocations=4 (full 0):
 garbage-first heap   total 194560K, used 92526K [0x0000000080000000, 0x0000000100000000)
  region size 1024K, 76 young (77824K), 2 survivors (2048K)
 Metaspace       used 35035K, capacity 35830K, committed 35840K, reserved 1081344K
  class space    used 4541K, capacity 4864K, committed 4864K, reserved 1048576K
}
Event: 2.811 GC heap after
{Heap after GC invocations=5 (full 0):
 garbage-first heap   total 194560K, used 21602K [0x0000000080000000, 0x0000000100000000)
  region size 1024K, 6 young (6144K), 6 survivors (6144K)
 Metaspace       used 35035K, capacity 35830K, committed 35840K, reserved 1081344K
  class space    used 4541K, capacity 4864K, committed 4864K, reserved 1048576K
}
Event: 4.779 GC heap before
{Heap before GC invocations=6 (full 0):
 garbage-first heap   total 194560K, used 128098K [0x0000000080000000, 0x0000000100000000)
  region size 1024K, 107 young (109568K), 6 survivors (6144K)
 Metaspace       used 43471K, capacity 44491K, committed 44672K, reserved 1087488K
  class space    used 5553K, capacity 5928K, committed 6016K, reserved 1048576K
}
Event: 4.789 GC heap after
{Heap after GC invocations=7 (full 0):
 garbage-first heap   total 194560K, used 27785K [0x0000000080000000, 0x0000000100000000)
  region size 1024K, 12 young (12288K), 12 survivors (12288K)
 Metaspace       used 43471K, capacity 44491K, committed 44672K, reserved 1087488K
  class space    used 5553K, capacity 5928K, committed 6016K, reserved 1048576K
}

